28-06-2023 16:06:56 - NULL : 
28-06-2023 16:06:56 - Official Email : 
28-06-2023 16:06:56 - ezhil.r@hepl.com
28-06-2023 16:06:56 - DOB : 
28-06-2023 16:06:56 - Invalid date
28-06-2023 16:06:56 - Contact Us : 
28-06-2023 16:06:56 - 0
28-06-2023 16:06:56 - Work Location : 
28-06-2023 16:06:56 - 
28-06-2023 16:06:56 - ================================================================
28-06-2023 16:06:56 - ê§à¼’â˜¬ğ“œğ”‚ ğ“Ÿğ“»ğ“¸ğ“¯ğ“²ğ“µğ“® ğ“—ğ“®ğ“ªğ“­ğ“²ğ“·ğ“° ğ“±ğ“ªğ“¿ğ“²ğ“·ğ“° ğ“ğ“¾ğ“µğ“µâ˜¬à¼’ê§‚
28-06-2023 16:06:56 - ================================================================
28-06-2023 16:06:56 - ----------------------------------------------------------------
28-06-2023 16:06:56 - Basic Details
28-06-2023 16:06:56 - ----------------------------------------------------------------
28-06-2023 16:06:56 - Name : null
28-06-2023 16:06:56 - ================================================================
28-06-2023 16:06:56 - ê§à¼’â˜¬ğ“‘ğ“ªğ“¼ğ“²ğ“¬ ğ““ğ“®ğ“½ğ“ªğ“²ğ“µğ“¼ ğ“±ğ“ªğ“¿ğ“²ğ“·ğ“° ğ“ğ“¾ğ“µğ“µâ˜¬à¼’ê§‚
28-06-2023 16:06:56 - ================================================================
28-06-2023 16:06:59 - ----------------------------------------------------------------
28-06-2023 16:06:59 - Contact
28-06-2023 16:06:59 - ----------------------------------------------------------------
28-06-2023 16:06:59 - Phone Number : 
28-06-2023 16:06:59 - Secondary Number : 
28-06-2023 16:06:59 - Permanent Address : 
28-06-2023 16:06:59 - Town : 
28-06-2023 16:06:59 - District : 
28-06-2023 16:06:59 - State & Pincode : 
28-06-2023 16:06:59 - Current Address : 
28-06-2023 16:06:59 - Town : 
28-06-2023 16:06:59 - District : 
28-06-2023 16:06:59 - State & Pincode : 
28-06-2023 16:06:59 - Personal Email : 
28-06-2023 16:07:02 - ----------------------------------------------------------------
28-06-2023 16:07:02 - Working Information
28-06-2023 16:07:02 - ----------------------------------------------------------------
28-06-2023 16:07:02 - Department : 
28-06-2023 16:07:02 - Work Location : 
28-06-2023 16:07:02 - Role of Intake : 
28-06-2023 16:07:02 - Grade : 7B
28-06-2023 16:07:02 - Experience in Hema's : 0Y 4M 1D
28-06-2023 16:07:02 - Access_Card_Id : 
28-06-2023 16:07:02 - Group Of Joining : -
28-06-2023 16:07:02 - Designation : 
28-06-2023 16:07:02 - Date Of Joining : 27-02-2023
28-06-2023 16:07:02 - CTC : 
28-06-2023 16:07:02 - RFH : -
28-06-2023 16:07:02 - Official Email : ezhil.r@hepl.com
28-06-2023 16:07:02 - ESI No: 
28-06-2023 16:07:05 - ----------------------------------------------------------------
28-06-2023 16:07:05 - HR Information
28-06-2023 16:07:05 - ----------------------------------------------------------------
28-06-2023 16:07:05 - Recruiter : Devi M-900848
28-06-2023 16:07:05 - Onboarder : Bavithra Muthuramalingam-900602
28-06-2023 16:07:05 - Reporting Manager : null-null
28-06-2023 16:07:05 - ================================================================
28-06-2023 16:07:05 - ê§à¼’â˜¬ğ“—ğ“¡ ğ“­ğ“®ğ“¹ğ“ªğ“»ğ“½ğ“¶ğ“®ğ“·ğ“½ ğ“±ğ“ªğ“¿ğ“²ğ“·ğ“° ğ“ğ“¾ğ“µğ“µâ˜¬à¼’ê§‚
28-06-2023 16:07:05 - ================================================================
28-06-2023 16:07:08 - ----------------------------------------------------------------
28-06-2023 16:07:08 - Account Information
28-06-2023 16:07:08 - ----------------------------------------------------------------
28-06-2023 16:07:08 - Account Holder Name: 
28-06-2023 16:07:08 - Account Number : 
28-06-2023 16:07:08 - IFSC code : 
28-06-2023 16:07:08 - Branch Name : 
28-06-2023 16:07:08 - UAN Number: 
28-06-2023 16:07:08 - Bank Name : 
28-06-2023 16:07:08 - Confirm Account Number : 
28-06-2023 16:07:08 - Mobile Number : 
28-06-2023 16:07:08 - UPI Id : 
28-06-2023 16:07:08 - PF Number : 
28-06-2023 16:46:47 - NULL : 
28-06-2023 16:46:47 - Official Email : 
28-06-2023 16:46:47 - ezhil.r@hepl.com
28-06-2023 16:46:47 - DOB : 
28-06-2023 16:46:47 - Invalid date
28-06-2023 16:46:47 - Contact Us : 
28-06-2023 16:46:47 - 0
28-06-2023 16:46:47 - Work Location : 
28-06-2023 16:46:47 - 
28-06-2023 16:46:47 - ================================================================
28-06-2023 16:46:47 - ê§à¼’â˜¬ğ“œğ”‚ ğ“Ÿğ“»ğ“¸ğ“¯ğ“²ğ“µğ“® ğ“—ğ“®ğ“ªğ“­ğ“²ğ“·ğ“° ğ“±ğ“ªğ“¿ğ“²ğ“·ğ“° ğ“ğ“¾ğ“µğ“µâ˜¬à¼’ê§‚
28-06-2023 16:46:47 - ================================================================
28-06-2023 16:46:47 - ----------------------------------------------------------------
28-06-2023 16:46:47 - Basic Details
28-06-2023 16:46:47 - ----------------------------------------------------------------
28-06-2023 16:46:47 - Name : null
28-06-2023 16:46:47 - ================================================================
28-06-2023 16:46:47 - ê§à¼’â˜¬ğ“‘ğ“ªğ“¼ğ“²ğ“¬ ğ““ğ“®ğ“½ğ“ªğ“²ğ“µğ“¼ ğ“±ğ“ªğ“¿ğ“²ğ“·ğ“° ğ“ğ“¾ğ“µğ“µâ˜¬à¼’ê§‚
28-06-2023 16:46:47 - ================================================================
28-06-2023 16:46:50 - ----------------------------------------------------------------
28-06-2023 16:46:50 - Contact
28-06-2023 16:46:50 - ----------------------------------------------------------------
28-06-2023 16:46:50 - Phone Number : 
28-06-2023 16:46:50 - Secondary Number : 
28-06-2023 16:46:50 - Permanent Address : 
28-06-2023 16:46:50 - Town : 
28-06-2023 16:46:50 - District : 
28-06-2023 16:46:50 - State & Pincode : 
28-06-2023 16:46:50 - Current Address : 
28-06-2023 16:46:50 - Town : 
28-06-2023 16:46:50 - District : 
28-06-2023 16:46:50 - State & Pincode : 
28-06-2023 16:46:50 - Personal Email : 
28-06-2023 16:46:55 - ----------------------------------------------------------------
28-06-2023 16:46:55 - Working Information
28-06-2023 16:46:55 - ----------------------------------------------------------------
28-06-2023 16:46:55 - Department : 
28-06-2023 16:46:55 - Work Location : 
28-06-2023 16:46:55 - Role of Intake : 
28-06-2023 16:46:55 - Grade : 7B
28-06-2023 16:46:55 - Experience in Hema's : 0Y 4M 1D
28-06-2023 16:46:55 - Access_Card_Id : 
28-06-2023 16:46:55 - Group Of Joining : -
28-06-2023 16:46:55 - Designation : 
28-06-2023 16:46:55 - Date Of Joining : 27-02-2023
28-06-2023 16:46:55 - CTC : 
28-06-2023 16:46:55 - RFH : -
28-06-2023 16:46:55 - Official Email : ezhil.r@hepl.com
28-06-2023 16:46:55 - ESI No: 
28-06-2023 16:46:58 - ----------------------------------------------------------------
28-06-2023 16:46:58 - HR Information
28-06-2023 16:46:58 - ----------------------------------------------------------------
28-06-2023 16:46:58 - Recruiter : Devi M-900848
28-06-2023 16:46:58 - Onboarder : Bavithra Muthuramalingam-900602
28-06-2023 16:46:58 - Reporting Manager : null-null
28-06-2023 16:46:58 - ================================================================
28-06-2023 16:46:58 - ê§à¼’â˜¬ğ“—ğ“¡ ğ“­ğ“®ğ“¹ğ“ªğ“»ğ“½ğ“¶ğ“®ğ“·ğ“½ ğ“±ğ“ªğ“¿ğ“²ğ“·ğ“° ğ“ğ“¾ğ“µğ“µâ˜¬à¼’ê§‚
28-06-2023 16:46:58 - ================================================================
28-06-2023 16:47:01 - ----------------------------------------------------------------
28-06-2023 16:47:01 - Account Information
28-06-2023 16:47:01 - ----------------------------------------------------------------
28-06-2023 16:47:01 - Account Holder Name: 
28-06-2023 16:47:01 - Account Number : 
28-06-2023 16:47:01 - IFSC code : 
28-06-2023 16:47:01 - Branch Name : 
28-06-2023 16:47:01 - UAN Number: 
28-06-2023 16:47:01 - Bank Name : 
28-06-2023 16:47:01 - Confirm Account Number : 
28-06-2023 16:47:01 - Mobile Number : 
28-06-2023 16:47:01 - UPI Id : 
28-06-2023 16:47:01 - PF Number : 
